-4
-4
4
-4
-5
5
13
-4
14
5
-1
-4
12
-3
-5
6
4
5
12
9
0
-1
2
8
6
0
-5
-2
-2
13
10
11
11
9
15
1
10
3
8
9
0
14
0
-4
14
14
8
14
0
7
5
-3
6
1
10
-4
0
14
-5
9
14
15
1
12
4
11
12
9
4
8
14
-3
7
12
-1
7
13
3
6
4
12
3
5
12
4
0
9
9
-2
1
7
-5
-2
9
8
-4
3
4
9
9
15
-1
-4
-3
-5
7
4
12
15
3
9
-2
12
12
-2
13
0
9
-2
5
2
2
2
14
8
9
-1
14
10
-1
14
15
4
10
5
-5
-2
5
0
-2
-4
3
3
11
-5
3
8
-3
8
4
-4
-1
7
-4
15
0
0
15
9
11
1
-1
10
-3
11
0
4
-3
11
9
12
7
-3
9
-5
2
7
-1
12
1
7
-4
-1
6
8
3
5
2
-5
-5
10
0
12
3
13
5
6
-4
7
5
933